<?xml version="1.0" encoding="UTF-8"?>
<!-- Generated by org.testng.reporters.JUnitReportReporter -->
<testsuite skipped="0" hostname="DESKTOP-5DQU09U" name="main.VerifyTitle" tests="1" failures="0" timestamp="2020-05-01T11:56:28 EDT" time="14.943" errors="0">
  <testcase name="verifyTitle" time="14.943" classname="main.VerifyTitle"/>
  <system-out/>
</testsuite> <!-- main.VerifyTitle -->
